Nov-03 23:49:00.603 [main] DEBUG nextflow.cli.Launcher - $> nextflow run amr_simulate.nf --input_data test/data/test_input.csv --insertion_genes test/data/insert_seqs.fna -resume
Nov-03 23:49:00.890 [main] INFO  nextflow.cli.CmdRun - N E X T F L O W  ~  version 21.04.3
Nov-03 23:49:00.931 [main] INFO  nextflow.cli.CmdRun - Launching `amr_simulate.nf` [desperate_bhabha] - revision: c9f03425de
Nov-03 23:49:01.084 [main] DEBUG nextflow.plugin.PluginsFacade - Setting up plugin manager > mode=prod; plugins-dir=/home/fin/.nextflow/plugins
Nov-03 23:49:01.086 [main] DEBUG nextflow.plugin.PluginsFacade - Plugins default=[]
Nov-03 23:49:01.089 [main] DEBUG nextflow.plugin.PluginsFacade - Plugins local root: .nextflow/plr/empty
Nov-03 23:49:01.103 [main] INFO  org.pf4j.DefaultPluginStatusProvider - Enabled plugins: []
Nov-03 23:49:01.104 [main] INFO  org.pf4j.DefaultPluginStatusProvider - Disabled plugins: []
Nov-03 23:49:01.110 [main] INFO  org.pf4j.DefaultPluginManager - PF4J version 3.4.1 in 'deployment' mode
Nov-03 23:49:01.126 [main] INFO  org.pf4j.AbstractPluginManager - No plugins
Nov-03 23:49:01.212 [main] DEBUG nextflow.Session - Session uuid: 6b12e557-192a-4b75-864a-7c11c3b44261
Nov-03 23:49:01.212 [main] DEBUG nextflow.Session - Run name: desperate_bhabha
Nov-03 23:49:01.215 [main] DEBUG nextflow.Session - Executor pool size: 4
Nov-03 23:49:01.241 [main] DEBUG nextflow.cli.CmdRun - 
  Version: 21.04.3 build 5560
  Created: 21-07-2021 15:09 UTC (11:09 EDT)
  System: Linux 5.14.12-arch1-1
  Runtime: Groovy 3.0.7 on OpenJDK 64-Bit Server VM 1.8.0_292-b10
  Encoding: UTF-8 (UTF-8)
  Process: 55789@dahzbog [127.0.1.1]
  CPUs: 4 - Mem: 15.5 GB (712.2 MB) - Swap: 4 GB (4 GB)
Nov-03 23:49:01.314 [main] DEBUG nextflow.Session - Work-dir: /home/fin/Documents/research/bioinformatics/amr_metagenome_simulator/work [ext2/ext3]
Nov-03 23:49:01.345 [main] DEBUG nextflow.executor.ExecutorFactory - Extension executors providers=[]
Nov-03 23:49:01.364 [main] DEBUG nextflow.Session - Observer factory: DefaultObserverFactory
Nov-03 23:49:01.799 [main] DEBUG nextflow.Session - Session start invoked
Nov-03 23:49:03.654 [main] DEBUG nextflow.script.ScriptRunner - > Launching execution
Nov-03 23:49:03.741 [main] DEBUG nextflow.Session - Workflow process names [dsl2]: SIMULATE_READS, INSERT_GENES, SPLIT_INSERT_GENES, COPY_NUMBER, ANNOTATE_AMR, GET_LABELS
Nov-03 23:49:04.102 [main] DEBUG nextflow.executor.ExecutorFactory - << taskConfig executor: null
Nov-03 23:49:04.103 [main] DEBUG nextflow.executor.ExecutorFactory - >> processorType: 'local'
Nov-03 23:49:04.112 [main] DEBUG nextflow.executor.Executor - [warm up] executor > local
Nov-03 23:49:04.122 [main] DEBUG n.processor.LocalPollingMonitor - Creating local task monitor for executor 'local' > cpus=4; memory=15.5 GB; capacity=4; pollInterval=100ms; dumpInterval=5m
Nov-03 23:49:04.396 [main] DEBUG nextflow.executor.ExecutorFactory - << taskConfig executor: null
Nov-03 23:49:04.396 [main] DEBUG nextflow.executor.ExecutorFactory - >> processorType: 'local'
Nov-03 23:49:04.417 [main] DEBUG nextflow.executor.ExecutorFactory - << taskConfig executor: null
Nov-03 23:49:04.418 [main] DEBUG nextflow.executor.ExecutorFactory - >> processorType: 'local'
Nov-03 23:49:04.439 [main] DEBUG nextflow.executor.ExecutorFactory - << taskConfig executor: null
Nov-03 23:49:04.439 [main] DEBUG nextflow.executor.ExecutorFactory - >> processorType: 'local'
Nov-03 23:49:04.532 [main] DEBUG nextflow.executor.ExecutorFactory - << taskConfig executor: null
Nov-03 23:49:04.532 [main] DEBUG nextflow.executor.ExecutorFactory - >> processorType: 'local'
Nov-03 23:49:04.560 [main] DEBUG nextflow.executor.ExecutorFactory - << taskConfig executor: null
Nov-03 23:49:04.560 [main] DEBUG nextflow.executor.ExecutorFactory - >> processorType: 'local'
Nov-03 23:49:04.572 [main] DEBUG nextflow.Session - Ignite dataflow network (8)
Nov-03 23:49:04.597 [main] DEBUG nextflow.processor.TaskProcessor - Starting process > SPLIT_INSERT_GENES
Nov-03 23:49:04.598 [main] DEBUG nextflow.processor.TaskProcessor - Starting process > INSERT_GENES
Nov-03 23:49:04.604 [main] DEBUG nextflow.processor.TaskProcessor - Starting process > ANNOTATE_AMR
Nov-03 23:49:04.608 [main] DEBUG nextflow.processor.TaskProcessor - Starting process > COPY_NUMBER
Nov-03 23:49:04.612 [main] DEBUG nextflow.processor.TaskProcessor - Starting process > SIMULATE_READS
Nov-03 23:49:04.612 [main] DEBUG nextflow.processor.TaskProcessor - Starting process > GET_LABELS
Nov-03 23:49:04.613 [main] DEBUG nextflow.script.ScriptRunner - > Await termination 
Nov-03 23:49:04.614 [main] DEBUG nextflow.Session - Session await
Nov-03 23:49:04.933 [Actor Thread 6] INFO  nextflow.processor.TaskProcessor - [11/ba3218] Cached process > SPLIT_INSERT_GENES (1)
Nov-03 23:49:05.321 [Actor Thread 2] INFO  nextflow.processor.TaskProcessor - [b9/643170] Cached process > INSERT_GENES (1)
Nov-03 23:49:05.323 [Actor Thread 10] INFO  nextflow.processor.TaskProcessor - [79/9f2fc0] Cached process > INSERT_GENES (2)
Nov-03 23:49:05.364 [Actor Thread 4] INFO  nextflow.processor.TaskProcessor - [e8/bbaff8] Cached process > ANNOTATE_AMR (2)
Nov-03 23:49:05.366 [Actor Thread 5] INFO  nextflow.processor.TaskProcessor - [f5/ef60b1] Cached process > ANNOTATE_AMR (1)
Nov-03 23:49:05.380 [Actor Thread 2] INFO  nextflow.processor.TaskProcessor - [d7/bbe936] Cached process > COPY_NUMBER (1)
Nov-03 23:49:05.385 [Actor Thread 7] INFO  nextflow.processor.TaskProcessor - [ee/1b23ac] Cached process > COPY_NUMBER (2)
Nov-03 23:49:05.417 [Actor Thread 4] DEBUG nextflow.sort.BigSort - Sort completed -- entries: 2; slices: 1; internal sort time: 0.005 s; external sort time: 0.002 s; total time: 0.007 s
Nov-03 23:49:05.418 [Actor Thread 4] DEBUG nextflow.file.FileCollector - >> temp file exists? true
Nov-03 23:49:05.419 [Actor Thread 4] DEBUG nextflow.file.FileCollector - Retrivied cached collect-files from: /tmp/e24eb0fd766570f5e4814dee464dc3e4.collect-file -- cached files: [/home/fin/Documents/research/bioinformatics/amr_metagenome_simulator/work/tmp/43/dac8d8e9452431e50f828d032cf6e3/simulated_metagenome.fna]
Nov-03 23:49:05.417 [Actor Thread 3] DEBUG nextflow.sort.BigSort - Sort completed -- entries: 2; slices: 1; internal sort time: 0.006 s; external sort time: 0.001 s; total time: 0.007 s
Nov-03 23:49:05.420 [Actor Thread 3] DEBUG nextflow.file.FileCollector - >> temp file exists? true
Nov-03 23:49:05.421 [Actor Thread 3] DEBUG nextflow.file.FileCollector - Retrivied cached collect-files from: /tmp/bb11614215849bf2e142903342c23a9b.collect-file -- cached files: [/home/fin/Documents/research/bioinformatics/amr_metagenome_simulator/work/tmp/d2/20b55befc5ef5d81d0b9010e8855f3/metagenome_unsorted.bed]
Nov-03 23:49:05.434 [Actor Thread 7] INFO  nextflow.processor.TaskProcessor - [60/2be6f5] Cached process > SIMULATE_READS (1)
Nov-03 23:49:05.442 [Actor Thread 4] DEBUG nextflow.file.FileCollector - Deleting file collector temp dir: /tmp/nxf-4092482126535289878
Nov-03 23:49:05.442 [Actor Thread 3] DEBUG nextflow.file.FileCollector - Deleting file collector temp dir: /tmp/nxf-317368227284650954
Nov-03 23:49:05.443 [Actor Thread 5] INFO  nextflow.processor.TaskProcessor - [9a/9c7346] Cached process > GET_LABELS (1)
Nov-03 23:49:05.455 [Actor Thread 5] DEBUG n.util.BlockingThreadExecutorFactory - Thread pool name=FileTransfer; maxThreads=12; maxQueueSize=36; keepAlive=1m
Nov-03 23:49:05.485 [main] DEBUG nextflow.Session - Session await > all process finished
Nov-03 23:49:05.507 [main] DEBUG nextflow.Session - Session await > all barriers passed
Nov-03 23:49:05.527 [main] DEBUG nextflow.trace.WorkflowStatsObserver - Workflow completed > WorkflowStats[succeededCount=0; failedCount=0; ignoredCount=0; cachedCount=9; pendingCount=0; submittedCount=0; runningCount=0; retriesCount=0; abortedCount=0; succeedDuration=0ms; failedDuration=0ms; cachedDuration=1m 30s;loadCpus=0; loadMemory=0; peakRunning=0; peakCpus=0; peakMemory=0; ]
Nov-03 23:49:05.731 [main] DEBUG nextflow.CacheDB - Closing CacheDB done
Nov-03 23:49:05.803 [main] DEBUG nextflow.script.ScriptRunner - > Execution complete -- Goodbye
